This file contains any messages produced by compilers while
running configure, to aid debugging if configure makes a mistake.

It was created by ColPack configure 1.0.5, which was
generated by GNU Autoconf 2.68.  Invocation command line was

  $ ./configure --prefix=/home/zsdfe/colpack --no-create --no-recursion

## --------- ##
## Platform. ##
## --------- ##

hostname = ubuntu
uname -m = i686
uname -r = 2.6.38-8-generic
uname -s = Linux
uname -v = #42-Ubuntu SMP Mon Apr 11 03:31:50 UTC 2011

/usr/bin/uname -p = unknown
/bin/uname -X     = unknown

/bin/arch              = unknown
/usr/bin/arch -k       = unknown
/usr/convex/getsysinfo = unknown
/usr/bin/hostinfo      = unknown
/bin/machine           = unknown
/usr/bin/oslevel       = unknown
/bin/universe          = unknown

PATH: /usr/local/sbin
PATH: /usr/local/bin
PATH: /usr/sbin
PATH: /usr/bin
PATH: /sbin
PATH: /bin
PATH: /usr/games


## ----------- ##
## Core tests. ##
## ----------- ##

configure:2276: checking for a BSD-compatible install
configure:2344: result: /usr/bin/install -c
configure:2355: checking whether build environment is sane
configure:2405: result: yes
configure:2546: checking for a thread-safe mkdir -p
configure:2585: result: /bin/mkdir -p
configure:2598: checking for gawk
configure:2628: result: no
configure:2598: checking for mawk
configure:2614: found /usr/bin/mawk
configure:2625: result: mawk
configure:2636: checking whether make sets $(MAKE)
configure:2658: result: yes
configure:2789: checking for g++
configure:2805: found /usr/bin/g++
configure:2816: result: g++
configure:2843: checking for C++ compiler version
configure:2852: g++ --version >&5
g++ (Ubuntu/Linaro 4.5.2-8ubuntu4) 4.5.2
Copyright (C) 2010 Free Software Foundation, Inc.
This is free software; see the source for copying conditions.  There is NO
warranty; not even for MERCHANTABILITY or FITNESS FOR A PARTICULAR PURPOSE.

configure:2863: $? = 0
configure:2852: g++ -v >&5
Using built-in specs.
COLLECT_GCC=g++
COLLECT_LTO_WRAPPER=/usr/lib/i386-linux-gnu/gcc/i686-linux-gnu/4.5.2/lto-wrapper
Target: i686-linux-gnu
Configured with: ../src/configure -v --with-pkgversion='Ubuntu/Linaro 4.5.2-8ubuntu4' --with-bugurl=file:///usr/share/doc/gcc-4.5/README.Bugs --enable-languages=c,c++,fortran,objc,obj-c++ --prefix=/usr --program-suffix=-4.5 --enable-shared --enable-multiarch --with-multiarch-defaults=i386-linux-gnu --enable-linker-build-id --with-system-zlib --libexecdir=/usr/lib/i386-linux-gnu --without-included-gettext --enable-threads=posix --with-gxx-include-dir=/usr/include/c++/4.5 --libdir=/usr/lib/i386-linux-gnu --enable-nls --with-sysroot=/ --enable-clocale=gnu --enable-libstdcxx-debug --enable-libstdcxx-time=yes --enable-plugin --enable-gold --enable-ld=default --with-plugin-ld=ld.gold --enable-objc-gc --enable-targets=all --disable-werror --with-arch-32=i686 --with-tune=generic --enable-checking=release --build=i686-linux-gnu --host=i686-linux-gnu --target=i686-linux-gnu
Thread model: posix
gcc version 4.5.2 (Ubuntu/Linaro 4.5.2-8ubuntu4) 
configure:2863: $? = 0
configure:2852: g++ -V >&5
g++: '-V' option must have argument
configure:2863: $? = 1
configure:2852: g++ -qversion >&5
g++: unrecognized option '-qversion'
g++: no input files
configure:2863: $? = 1
configure:2883: checking whether the C++ compiler works
configure:2905: g++    conftest.cpp  >&5
configure:2909: $? = 0
configure:2957: result: yes
configure:2960: checking for C++ compiler default output file name
configure:2962: result: a.out
configure:2968: checking for suffix of executables
configure:2975: g++ -o conftest    conftest.cpp  >&5
configure:2979: $? = 0
configure:3001: result: 
configure:3023: checking whether we are cross compiling
configure:3031: g++ -o conftest    conftest.cpp  >&5
configure:3035: $? = 0
configure:3042: ./conftest
configure:3046: $? = 0
configure:3061: result: no
configure:3066: checking for suffix of object files
configure:3088: g++ -c   conftest.cpp >&5
configure:3092: $? = 0
configure:3113: result: o
configure:3117: checking whether we are using the GNU C++ compiler
configure:3136: g++ -c   conftest.cpp >&5
configure:3136: $? = 0
configure:3145: result: yes
configure:3154: checking whether g++ accepts -g
configure:3174: g++ -c -g  conftest.cpp >&5
configure:3174: $? = 0
configure:3215: result: yes
configure:3249: checking for style of include used by make
configure:3277: result: GNU
configure:3302: checking dependency style of g++
configure:3412: result: gcc3
configure:3458: checking build system type
configure:3472: result: i686-pc-linux-gnu
configure:3492: checking host system type
configure:3505: result: i686-pc-linux-gnu
configure:3546: checking how to print strings
configure:3573: result: printf
configure:3642: checking for gcc
configure:3658: found /usr/bin/gcc
configure:3669: result: gcc
configure:3898: checking for C compiler version
configure:3907: gcc --version >&5
gcc (Ubuntu/Linaro 4.5.2-8ubuntu4) 4.5.2
Copyright (C) 2010 Free Software Foundation, Inc.
This is free software; see the source for copying conditions.  There is NO
warranty; not even for MERCHANTABILITY or FITNESS FOR A PARTICULAR PURPOSE.

configure:3918: $? = 0
configure:3907: gcc -v >&5
Using built-in specs.
COLLECT_GCC=gcc
COLLECT_LTO_WRAPPER=/usr/lib/i386-linux-gnu/gcc/i686-linux-gnu/4.5.2/lto-wrapper
Target: i686-linux-gnu
Configured with: ../src/configure -v --with-pkgversion='Ubuntu/Linaro 4.5.2-8ubuntu4' --with-bugurl=file:///usr/share/doc/gcc-4.5/README.Bugs --enable-languages=c,c++,fortran,objc,obj-c++ --prefix=/usr --program-suffix=-4.5 --enable-shared --enable-multiarch --with-multiarch-defaults=i386-linux-gnu --enable-linker-build-id --with-system-zlib --libexecdir=/usr/lib/i386-linux-gnu --without-included-gettext --enable-threads=posix --with-gxx-include-dir=/usr/include/c++/4.5 --libdir=/usr/lib/i386-linux-gnu --enable-nls --with-sysroot=/ --enable-clocale=gnu --enable-libstdcxx-debug --enable-libstdcxx-time=yes --enable-plugin --enable-gold --enable-ld=default --with-plugin-ld=ld.gold --enable-objc-gc --enable-targets=all --disable-werror --with-arch-32=i686 --with-tune=generic --enable-checking=release --build=i686-linux-gnu --host=i686-linux-gnu --target=i686-linux-gnu
Thread model: posix
gcc version 4.5.2 (Ubuntu/Linaro 4.5.2-8ubuntu4) 
configure:3918: $? = 0
configure:3907: gcc -V >&5
gcc: '-V' option must have argument
configure:3918: $? = 1
configure:3907: gcc -qversion >&5
gcc: unrecognized option '-qversion'
gcc: no input files
configure:3918: $? = 1
configure:3922: checking whether we are using the GNU C compiler
configure:3941: gcc -c   conftest.c >&5
configure:3941: $? = 0
configure:3950: result: yes
configure:3959: checking whether gcc accepts -g
configure:3979: gcc -c -g  conftest.c >&5
configure:3979: $? = 0
configure:4020: result: yes
configure:4037: checking for gcc option to accept ISO C89
configure:4101: gcc  -c -g -O2  conftest.c >&5
configure:4101: $? = 0
configure:4114: result: none needed
configure:4136: checking dependency style of gcc
configure:4246: result: gcc3
configure:4261: checking for a sed that does not truncate output
configure:4325: result: /bin/sed
configure:4343: checking for grep that handles long lines and -e
configure:4401: result: /bin/grep
configure:4406: checking for egrep
configure:4468: result: /bin/grep -E
configure:4473: checking for fgrep
configure:4535: result: /bin/grep -F
configure:4570: checking for ld used by gcc
configure:4637: result: /usr/bin/ld
configure:4644: checking if the linker (/usr/bin/ld) is GNU ld
configure:4659: result: yes
configure:4671: checking for BSD- or MS-compatible name lister (nm)
configure:4720: result: /usr/bin/nm -B
configure:4850: checking the name lister (/usr/bin/nm -B) interface
configure:4857: gcc -c -g -O2  conftest.c >&5
configure:4860: /usr/bin/nm -B "conftest.o"
configure:4863: output
00000000 B some_variable
configure:4870: result: BSD nm
configure:4873: checking whether ln -s works
configure:4877: result: yes
configure:4885: checking the maximum length of command line arguments
configure:5010: result: 805306365
configure:5027: checking whether the shell understands some XSI constructs
configure:5037: result: yes
configure:5041: checking whether the shell understands "+="
configure:5047: result: yes
configure:5082: checking how to convert i686-pc-linux-gnu file names to i686-pc-linux-gnu format
configure:5122: result: func_convert_file_noop
configure:5129: checking how to convert i686-pc-linux-gnu file names to toolchain format
configure:5149: result: func_convert_file_noop
configure:5156: checking for /usr/bin/ld option to reload object files
configure:5163: result: -r
configure:5237: checking for objdump
configure:5253: found /usr/bin/objdump
configure:5264: result: objdump
configure:5296: checking how to recognize dependent libraries
configure:5498: result: pass_all
configure:5583: checking for dlltool
configure:5613: result: no
configure:5643: checking how to associate runtime and link libraries
configure:5670: result: printf %s\n
configure:5731: checking for ar
configure:5747: found /usr/bin/ar
configure:5758: result: ar
configure:5795: checking for archiver @FILE support
configure:5812: gcc -c -g -O2  conftest.c >&5
configure:5812: $? = 0
configure:5815: ar cru libconftest.a @conftest.lst >&5
configure:5818: $? = 0
configure:5823: ar cru libconftest.a @conftest.lst >&5
ar: conftest.o: No such file or directory
configure:5826: $? = 1
configure:5838: result: @
configure:5896: checking for strip
configure:5912: found /usr/bin/strip
configure:5923: result: strip
configure:5995: checking for ranlib
configure:6011: found /usr/bin/ranlib
configure:6022: result: ranlib
configure:6124: checking command to parse /usr/bin/nm -B output from gcc object
configure:6243: gcc -c -g -O2  conftest.c >&5
configure:6246: $? = 0
configure:6250: /usr/bin/nm -B conftest.o \| sed -n -e 's/^.*[ ]\([ABCDGIRSTW][ABCDGIRSTW]*\)[ ][ ]*\([_A-Za-z][_A-Za-z0-9]*\)$/\1 \2 \2/p' | sed '/ __gnu_lto/d' \> conftest.nm
configure:6253: $? = 0
configure:6319: gcc -o conftest -g -O2   conftest.c conftstm.o >&5
configure:6322: $? = 0
configure:6360: result: ok
configure:6397: checking for sysroot
configure:6427: result: no
configure:6670: checking for mt
configure:6686: found /bin/mt
configure:6697: result: mt
configure:6720: checking if mt is a manifest tool
configure:6726: mt '-?'
configure:6734: result: no
configure:7366: checking how to run the C preprocessor
configure:7397: gcc -E  conftest.c
configure:7397: $? = 0
configure:7411: gcc -E  conftest.c
conftest.c:9:28: fatal error: ac_nonexistent.h: No such file or directory
compilation terminated.
configure:7411: $? = 1
configure: failed program was:
| /* confdefs.h */
| #define PACKAGE_NAME "ColPack"
| #define PACKAGE_TARNAME "ColPack"
| #define PACKAGE_VERSION "1.0.5"
| #define PACKAGE_STRING "ColPack 1.0.5"
| #define PACKAGE_BUGREPORT "agebreme@purdue.edu"
| #define PACKAGE_URL "http://www.cscapes.org/coloringpage/"
| /* end confdefs.h.  */
| #include <ac_nonexistent.h>
configure:7436: result: gcc -E
configure:7456: gcc -E  conftest.c
configure:7456: $? = 0
configure:7470: gcc -E  conftest.c
conftest.c:9:28: fatal error: ac_nonexistent.h: No such file or directory
compilation terminated.
configure:7470: $? = 1
configure: failed program was:
| /* confdefs.h */
| #define PACKAGE_NAME "ColPack"
| #define PACKAGE_TARNAME "ColPack"
| #define PACKAGE_VERSION "1.0.5"
| #define PACKAGE_STRING "ColPack 1.0.5"
| #define PACKAGE_BUGREPORT "agebreme@purdue.edu"
| #define PACKAGE_URL "http://www.cscapes.org/coloringpage/"
| /* end confdefs.h.  */
| #include <ac_nonexistent.h>
configure:7499: checking for ANSI C header files
configure:7519: gcc -c -g -O2  conftest.c >&5
configure:7519: $? = 0
configure:7592: gcc -o conftest -g -O2   conftest.c  >&5
configure:7592: $? = 0
configure:7592: ./conftest
configure:7592: $? = 0
configure:7603: result: yes
configure:7616: checking for sys/types.h
configure:7616: gcc -c -g -O2  conftest.c >&5
configure:7616: $? = 0
configure:7616: result: yes
configure:7616: checking for sys/stat.h
configure:7616: gcc -c -g -O2  conftest.c >&5
configure:7616: $? = 0
configure:7616: result: yes
configure:7616: checking for stdlib.h
configure:7616: gcc -c -g -O2  conftest.c >&5
configure:7616: $? = 0
configure:7616: result: yes
configure:7616: checking for string.h
configure:7616: gcc -c -g -O2  conftest.c >&5
configure:7616: $? = 0
configure:7616: result: yes
configure:7616: checking for memory.h
configure:7616: gcc -c -g -O2  conftest.c >&5
configure:7616: $? = 0
configure:7616: result: yes
configure:7616: checking for strings.h
configure:7616: gcc -c -g -O2  conftest.c >&5
configure:7616: $? = 0
configure:7616: result: yes
configure:7616: checking for inttypes.h
configure:7616: gcc -c -g -O2  conftest.c >&5
configure:7616: $? = 0
configure:7616: result: yes
configure:7616: checking for stdint.h
configure:7616: gcc -c -g -O2  conftest.c >&5
configure:7616: $? = 0
configure:7616: result: yes
configure:7616: checking for unistd.h
configure:7616: gcc -c -g -O2  conftest.c >&5
configure:7616: $? = 0
configure:7616: result: yes
configure:7630: checking for dlfcn.h
configure:7630: gcc -c -g -O2  conftest.c >&5
configure:7630: $? = 0
configure:7630: result: yes
configure:7828: checking for objdir
configure:7843: result: .libs
configure:8110: checking if gcc supports -fno-rtti -fno-exceptions
configure:8128: gcc -c -g -O2  -fno-rtti -fno-exceptions conftest.c >&5
cc1: warning: command line option "-fno-rtti" is valid for C++/ObjC++ but not for C
configure:8132: $? = 0
configure:8145: result: no
configure:8455: checking for gcc option to produce PIC
configure:8462: result: -fPIC -DPIC
configure:8470: checking if gcc PIC flag -fPIC -DPIC works
configure:8488: gcc -c -g -O2  -fPIC -DPIC -DPIC conftest.c >&5
configure:8492: $? = 0
configure:8505: result: yes
configure:8534: checking if gcc static flag -static works
configure:8562: result: yes
configure:8577: checking if gcc supports -c -o file.o
configure:8598: gcc -c -g -O2  -o out/conftest2.o conftest.c >&5
configure:8602: $? = 0
configure:8624: result: yes
configure:8632: checking if gcc supports -c -o file.o
configure:8679: result: yes
configure:8712: checking whether the gcc linker (/usr/bin/ld) supports shared libraries
configure:9874: result: yes
configure:9911: checking whether -lc should be explicitly linked in
configure:9919: gcc -c -g -O2  conftest.c >&5
configure:9922: $? = 0
configure:9937: gcc -shared  -fPIC -DPIC conftest.o  -v -Wl,-soname -Wl,conftest -o conftest 2\>\&1 \| /bin/grep  -lc  \>/dev/null 2\>\&1
configure:9940: $? = 0
configure:9954: result: no
configure:10119: checking dynamic linker characteristics
configure:10634: gcc -o conftest -g -O2   -Wl,-rpath -Wl,/foo conftest.c  >&5
configure:10634: $? = 0
configure:10868: result: GNU/Linux ld.so
configure:10975: checking how to hardcode library paths into programs
configure:11000: result: immediate
configure:11540: checking whether stripping libraries is possible
configure:11545: result: yes
configure:11580: checking if libtool supports shared libraries
configure:11582: result: yes
configure:11585: checking whether to build shared libraries
configure:11606: result: yes
configure:11609: checking whether to build static libraries
configure:11613: result: yes
configure:11636: checking how to run the C++ preprocessor
configure:11663: g++ -E  conftest.cpp
configure:11663: $? = 0
configure:11677: g++ -E  conftest.cpp
conftest.cpp:21:28: fatal error: ac_nonexistent.h: No such file or directory
compilation terminated.
configure:11677: $? = 1
configure: failed program was:
| /* confdefs.h */
| #define PACKAGE_NAME "ColPack"
| #define PACKAGE_TARNAME "ColPack"
| #define PACKAGE_VERSION "1.0.5"
| #define PACKAGE_STRING "ColPack 1.0.5"
| #define PACKAGE_BUGREPORT "agebreme@purdue.edu"
| #define PACKAGE_URL "http://www.cscapes.org/coloringpage/"
| #define STDC_HEADERS 1
| #define HAVE_SYS_TYPES_H 1
| #define HAVE_SYS_STAT_H 1
| #define HAVE_STDLIB_H 1
| #define HAVE_STRING_H 1
| #define HAVE_MEMORY_H 1
| #define HAVE_STRINGS_H 1
| #define HAVE_INTTYPES_H 1
| #define HAVE_STDINT_H 1
| #define HAVE_UNISTD_H 1
| #define HAVE_DLFCN_H 1
| #define LT_OBJDIR ".libs/"
| /* end confdefs.h.  */
| #include <ac_nonexistent.h>
configure:11702: result: g++ -E
configure:11722: g++ -E  conftest.cpp
configure:11722: $? = 0
configure:11736: g++ -E  conftest.cpp
conftest.cpp:21:28: fatal error: ac_nonexistent.h: No such file or directory
compilation terminated.
configure:11736: $? = 1
configure: failed program was:
| /* confdefs.h */
| #define PACKAGE_NAME "ColPack"
| #define PACKAGE_TARNAME "ColPack"
| #define PACKAGE_VERSION "1.0.5"
| #define PACKAGE_STRING "ColPack 1.0.5"
| #define PACKAGE_BUGREPORT "agebreme@purdue.edu"
| #define PACKAGE_URL "http://www.cscapes.org/coloringpage/"
| #define STDC_HEADERS 1
| #define HAVE_SYS_TYPES_H 1
| #define HAVE_SYS_STAT_H 1
| #define HAVE_STDLIB_H 1
| #define HAVE_STRING_H 1
| #define HAVE_MEMORY_H 1
| #define HAVE_STRINGS_H 1
| #define HAVE_INTTYPES_H 1
| #define HAVE_STDINT_H 1
| #define HAVE_UNISTD_H 1
| #define HAVE_DLFCN_H 1
| #define LT_OBJDIR ".libs/"
| /* end confdefs.h.  */
| #include <ac_nonexistent.h>
configure:11906: checking for ld used by g++
configure:11973: result: /usr/bin/ld
configure:11980: checking if the linker (/usr/bin/ld) is GNU ld
configure:11995: result: yes
configure:12050: checking whether the g++ linker (/usr/bin/ld) supports shared libraries
configure:13054: result: yes
configure:13089: g++ -c -g -O2  conftest.cpp >&5
configure:13092: $? = 0
configure:13612: checking for g++ option to produce PIC
configure:13619: result: -fPIC -DPIC
configure:13627: checking if g++ PIC flag -fPIC -DPIC works
configure:13645: g++ -c -g -O2  -fPIC -DPIC -DPIC conftest.cpp >&5
configure:13649: $? = 0
configure:13662: result: yes
configure:13685: checking if g++ static flag -static works
configure:13713: result: yes
configure:13725: checking if g++ supports -c -o file.o
configure:13746: g++ -c -g -O2  -o out/conftest2.o conftest.cpp >&5
configure:13750: $? = 0
configure:13772: result: yes
configure:13777: checking if g++ supports -c -o file.o
configure:13824: result: yes
configure:13854: checking whether the g++ linker (/usr/bin/ld) supports shared libraries
configure:13891: result: yes
configure:14034: checking dynamic linker characteristics
configure:14717: result: GNU/Linux ld.so
configure:14770: checking how to hardcode library paths into programs
configure:14795: result: immediate
configure:14855: checking Build examples
configure:14877: checking OpenMP
configure:15041: creating ./config.status

## ---------------- ##
## Cache variables. ##
## ---------------- ##

ac_cv_build=i686-pc-linux-gnu
ac_cv_c_compiler_gnu=yes
ac_cv_cxx_compiler_gnu=yes
ac_cv_env_CCC_set=
ac_cv_env_CCC_value=
ac_cv_env_CC_set=
ac_cv_env_CC_value=
ac_cv_env_CFLAGS_set=
ac_cv_env_CFLAGS_value=
ac_cv_env_CPPFLAGS_set=
ac_cv_env_CPPFLAGS_value=
ac_cv_env_CPP_set=
ac_cv_env_CPP_value=
ac_cv_env_CXXCPP_set=
ac_cv_env_CXXCPP_value=
ac_cv_env_CXXFLAGS_set=
ac_cv_env_CXXFLAGS_value=
ac_cv_env_CXX_set=
ac_cv_env_CXX_value=
ac_cv_env_LDFLAGS_set=
ac_cv_env_LDFLAGS_value=
ac_cv_env_LIBS_set=
ac_cv_env_LIBS_value=
ac_cv_env_build_alias_set=
ac_cv_env_build_alias_value=
ac_cv_env_host_alias_set=
ac_cv_env_host_alias_value=
ac_cv_env_target_alias_set=
ac_cv_env_target_alias_value=
ac_cv_header_dlfcn_h=yes
ac_cv_header_inttypes_h=yes
ac_cv_header_memory_h=yes
ac_cv_header_stdc=yes
ac_cv_header_stdint_h=yes
ac_cv_header_stdlib_h=yes
ac_cv_header_string_h=yes
ac_cv_header_strings_h=yes
ac_cv_header_sys_stat_h=yes
ac_cv_header_sys_types_h=yes
ac_cv_header_unistd_h=yes
ac_cv_host=i686-pc-linux-gnu
ac_cv_objext=o
ac_cv_path_EGREP='/bin/grep -E'
ac_cv_path_FGREP='/bin/grep -F'
ac_cv_path_GREP=/bin/grep
ac_cv_path_SED=/bin/sed
ac_cv_path_install='/usr/bin/install -c'
ac_cv_path_mkdir=/bin/mkdir
ac_cv_prog_AWK=mawk
ac_cv_prog_CPP='gcc -E'
ac_cv_prog_CXXCPP='g++ -E'
ac_cv_prog_ac_ct_AR=ar
ac_cv_prog_ac_ct_CC=gcc
ac_cv_prog_ac_ct_CXX=g++
ac_cv_prog_ac_ct_MANIFEST_TOOL=mt
ac_cv_prog_ac_ct_OBJDUMP=objdump
ac_cv_prog_ac_ct_RANLIB=ranlib
ac_cv_prog_ac_ct_STRIP=strip
ac_cv_prog_cc_c89=
ac_cv_prog_cc_g=yes
ac_cv_prog_cxx_g=yes
ac_cv_prog_make_make_set=yes
am_cv_CC_dependencies_compiler_type=gcc3
am_cv_CXX_dependencies_compiler_type=gcc3
lt_cv_ar_at_file=@
lt_cv_archive_cmds_need_lc=no
lt_cv_deplibs_check_method=pass_all
lt_cv_file_magic_cmd='$MAGIC_CMD'
lt_cv_file_magic_test_file=
lt_cv_ld_reload_flag=-r
lt_cv_nm_interface='BSD nm'
lt_cv_objdir=.libs
lt_cv_path_LD=/usr/bin/ld
lt_cv_path_LDCXX=/usr/bin/ld
lt_cv_path_NM='/usr/bin/nm -B'
lt_cv_path_mainfest_tool=no
lt_cv_prog_compiler_c_o=yes
lt_cv_prog_compiler_c_o_CXX=yes
lt_cv_prog_compiler_pic='-fPIC -DPIC'
lt_cv_prog_compiler_pic_CXX='-fPIC -DPIC'
lt_cv_prog_compiler_pic_works=yes
lt_cv_prog_compiler_pic_works_CXX=yes
lt_cv_prog_compiler_rtti_exceptions=no
lt_cv_prog_compiler_static_works=yes
lt_cv_prog_compiler_static_works_CXX=yes
lt_cv_prog_gnu_ld=yes
lt_cv_prog_gnu_ldcxx=yes
lt_cv_sharedlib_from_linklib_cmd='printf %s\n'
lt_cv_shlibpath_overrides_runpath=no
lt_cv_sys_global_symbol_pipe='sed -n -e '\''s/^.*[	 ]\([ABCDGIRSTW][ABCDGIRSTW]*\)[	 ][	 ]*\([_A-Za-z][_A-Za-z0-9]*\)$/\1 \2 \2/p'\'' | sed '\''/ __gnu_lto/d'\'''
lt_cv_sys_global_symbol_to_c_name_address='sed -n -e '\''s/^: \([^ ]*\)[ ]*$/  {\"\1\", (void *) 0},/p'\'' -e '\''s/^[ABCDGIRSTW]* \([^ ]*\) \([^ ]*\)$/  {"\2", (void *) \&\2},/p'\'''
lt_cv_sys_global_symbol_to_c_name_address_lib_prefix='sed -n -e '\''s/^: \([^ ]*\)[ ]*$/  {\"\1\", (void *) 0},/p'\'' -e '\''s/^[ABCDGIRSTW]* \([^ ]*\) \(lib[^ ]*\)$/  {"\2", (void *) \&\2},/p'\'' -e '\''s/^[ABCDGIRSTW]* \([^ ]*\) \([^ ]*\)$/  {"lib\2", (void *) \&\2},/p'\'''
lt_cv_sys_global_symbol_to_cdecl='sed -n -e '\''s/^T .* \(.*\)$/extern int \1();/p'\'' -e '\''s/^[ABCDGIRSTW]* .* \(.*\)$/extern char \1;/p'\'''
lt_cv_sys_max_cmd_len=805306365
lt_cv_to_host_file_cmd=func_convert_file_noop
lt_cv_to_tool_file_cmd=func_convert_file_noop

## ----------------- ##
## Output variables. ##
## ----------------- ##

ACLOCAL='${SHELL} /home/zsdfe/Downloads/ColPack-1.0.8/missing --run aclocal-1.11'
AMDEPBACKSLASH='\'
AMDEP_FALSE='#'
AMDEP_TRUE=''
AMTAR='${SHELL} /home/zsdfe/Downloads/ColPack-1.0.8/missing --run tar'
AR='ar'
AUTOCONF='${SHELL} /home/zsdfe/Downloads/ColPack-1.0.8/missing --run autoconf'
AUTOHEADER='${SHELL} /home/zsdfe/Downloads/ColPack-1.0.8/missing --run autoheader'
AUTOMAKE='${SHELL} /home/zsdfe/Downloads/ColPack-1.0.8/missing --run automake-1.11'
AWK='mawk'
CC='gcc'
CCDEPMODE='depmode=gcc3'
CFLAGS='-g -O2'
CPP='gcc -E'
CPPFLAGS=''
CXX='g++'
CXXCPP='g++ -E'
CXXDEPMODE='depmode=gcc3'
CXXFLAGS='-g -O2'
CYGPATH_W='echo'
DEFS='-DHAVE_CONFIG_H'
DEPDIR='.deps'
DLLTOOL='false'
DSYMUTIL=''
DUMPBIN=''
ECHO_C=''
ECHO_N='-n'
ECHO_T=''
EGREP='/bin/grep -E'
ENABLE_OPENMP_FALSE=''
ENABLE_OPENMP_TRUE='#'
EXAMPLES_FALSE=''
EXAMPLES_TRUE='#'
EXEEXT=''
FGREP='/bin/grep -F'
GREP='/bin/grep'
INSTALL_DATA='${INSTALL} -m 644'
INSTALL_PROGRAM='${INSTALL}'
INSTALL_SCRIPT='${INSTALL}'
INSTALL_STRIP_PROGRAM='$(install_sh) -c -s'
LD='/usr/bin/ld'
LDFLAGS=''
LIBOBJS=''
LIBS=''
LIBTOOL='$(SHELL) $(top_builddir)/libtool'
LIPO=''
LN_S='ln -s'
LTLIBOBJS=''
MAKEINFO='${SHELL} /home/zsdfe/Downloads/ColPack-1.0.8/missing --run makeinfo'
MANIFEST_TOOL=':'
MKDIR_P='/bin/mkdir -p'
NM='/usr/bin/nm -B'
NMEDIT=''
OBJDUMP='objdump'
OBJEXT='o'
OTOOL64=''
OTOOL=''
PACKAGE='ColPack'
PACKAGE_BUGREPORT='agebreme@purdue.edu'
PACKAGE_NAME='ColPack'
PACKAGE_STRING='ColPack 1.0.5'
PACKAGE_TARNAME='ColPack'
PACKAGE_URL='http://www.cscapes.org/coloringpage/'
PACKAGE_VERSION='1.0.5'
PATH_SEPARATOR=':'
RANLIB='ranlib'
SED='/bin/sed'
SET_MAKE=''
SHELL='/bin/bash'
STRIP='strip'
VERSION='1.0.5'
ac_ct_AR='ar'
ac_ct_CC='gcc'
ac_ct_CXX='g++'
ac_ct_DUMPBIN=''
am__EXEEXT_FALSE=''
am__EXEEXT_TRUE='#'
am__fastdepCC_FALSE='#'
am__fastdepCC_TRUE=''
am__fastdepCXX_FALSE='#'
am__fastdepCXX_TRUE=''
am__include='include'
am__isrc=''
am__leading_dot='.'
am__quote=''
am__tar='${AMTAR} chof - "$$tardir"'
am__untar='${AMTAR} xf -'
bindir='${exec_prefix}/bin'
build='i686-pc-linux-gnu'
build_alias=''
build_cpu='i686'
build_os='linux-gnu'
build_vendor='pc'
datadir='${datarootdir}'
datarootdir='${prefix}/share'
docdir='${datarootdir}/doc/${PACKAGE_TARNAME}'
dvidir='${docdir}'
exec_prefix='${prefix}'
host='i686-pc-linux-gnu'
host_alias=''
host_cpu='i686'
host_os='linux-gnu'
host_vendor='pc'
htmldir='${docdir}'
includedir='${prefix}/include'
infodir='${datarootdir}/info'
install_sh='${SHELL} /home/zsdfe/Downloads/ColPack-1.0.8/install-sh'
libdir='${exec_prefix}/lib'
libexecdir='${exec_prefix}/libexec'
localedir='${datarootdir}/locale'
localstatedir='${prefix}/var'
mandir='${datarootdir}/man'
mkdir_p='/bin/mkdir -p'
oldincludedir='/usr/include'
pdfdir='${docdir}'
prefix='/home/zsdfe/colpack'
program_transform_name='s,x,x,'
psdir='${docdir}'
sbindir='${exec_prefix}/sbin'
sharedstatedir='${prefix}/com'
sysconfdir='${prefix}/etc'
target_alias=''

## ----------- ##
## confdefs.h. ##
## ----------- ##

/* confdefs.h */
#define PACKAGE_NAME "ColPack"
#define PACKAGE_TARNAME "ColPack"
#define PACKAGE_VERSION "1.0.5"
#define PACKAGE_STRING "ColPack 1.0.5"
#define PACKAGE_BUGREPORT "agebreme@purdue.edu"
#define PACKAGE_URL "http://www.cscapes.org/coloringpage/"
#define STDC_HEADERS 1
#define HAVE_SYS_TYPES_H 1
#define HAVE_SYS_STAT_H 1
#define HAVE_STDLIB_H 1
#define HAVE_STRING_H 1
#define HAVE_MEMORY_H 1
#define HAVE_STRINGS_H 1
#define HAVE_INTTYPES_H 1
#define HAVE_STDINT_H 1
#define HAVE_UNISTD_H 1
#define HAVE_DLFCN_H 1
#define LT_OBJDIR ".libs/"

configure: exit 0

## ---------------------- ##
## Running config.status. ##
## ---------------------- ##

This file was extended by ColPack config.status 1.0.5, which was
generated by GNU Autoconf 2.68.  Invocation command line was

  CONFIG_FILES    = 
  CONFIG_HEADERS  = 
  CONFIG_LINKS    = 
  CONFIG_COMMANDS = 
  $ ./config.status 

on ubuntu

config.status:1154: creating Makefile
config.status:1154: creating config.h
config.status:1335: config.h is unchanged
config.status:1383: executing depfiles commands
config.status:1383: executing libtool commands

## ---------------------- ##
## Running config.status. ##
## ---------------------- ##

This file was extended by ColPack config.status 1.0.5, which was
generated by GNU Autoconf 2.68.  Invocation command line was

  CONFIG_FILES    = 
  CONFIG_HEADERS  = 
  CONFIG_LINKS    = 
  CONFIG_COMMANDS = 
  $ ./config.status config.h

on ubuntu

config.status:1154: creating config.h
config.status:1335: config.h is unchanged
